2024-09-10 19:27:04,969 [Worker-5: Loading available Gradle versions] INFO  o.e.b.c.i.u.g.PublishedGradleVersions - Gradle version information cache is up-to-date. Trying to read.
2024-09-10 21:39:57,925 [Worker-8: Loading available Gradle versions] INFO  o.e.b.c.i.u.g.PublishedGradleVersions - Gradle version information cache is up-to-date. Trying to read.
2024-09-10 21:42:36,133 [ModalContext] INFO  o.e.m.c.i.e.AbstractTransferListenerAdapter - Downloading https://repo.maven.apache.org/maven2/org/apache/maven/archetypes/maven-archetype-quickstart/1.1/maven-archetype-quickstart-1.1.pom
2024-09-10 21:42:36,148 [ModalContext] INFO  o.e.m.c.i.e.AbstractTransferListenerAdapter - Downloaded https://repo.maven.apache.org/maven2/org/apache/maven/archetypes/maven-archetype-quickstart/1.1/maven-archetype-quickstart-1.1.pom
2024-09-10 21:42:36,209 [ModalContext] INFO  o.e.m.c.i.e.AbstractTransferListenerAdapter - Downloading https://repo.maven.apache.org/maven2/org/apache/maven/archetypes/maven-archetype-bundles/4/maven-archetype-bundles-4.pom
2024-09-10 21:42:36,213 [ModalContext] INFO  o.e.m.c.i.e.AbstractTransferListenerAdapter - Downloaded https://repo.maven.apache.org/maven2/org/apache/maven/archetypes/maven-archetype-bundles/4/maven-archetype-bundles-4.pom
2024-09-10 21:42:36,243 [ModalContext] INFO  o.e.m.c.i.e.AbstractTransferListenerAdapter - Downloading https://repo.maven.apache.org/maven2/org/apache/maven/archetype/maven-archetype/2.0-alpha-5/maven-archetype-2.0-alpha-5.pom
2024-09-10 21:42:36,247 [ModalContext] INFO  o.e.m.c.i.e.AbstractTransferListenerAdapter - Downloaded https://repo.maven.apache.org/maven2/org/apache/maven/archetype/maven-archetype/2.0-alpha-5/maven-archetype-2.0-alpha-5.pom
2024-09-10 21:42:36,354 [ModalContext] INFO  o.e.m.c.i.e.AbstractTransferListenerAdapter - Downloading https://repo.maven.apache.org/maven2/org/apache/maven/maven-parent/16/maven-parent-16.pom
2024-09-10 21:42:36,361 [ModalContext] INFO  o.e.m.c.i.e.AbstractTransferListenerAdapter - Downloaded https://repo.maven.apache.org/maven2/org/apache/maven/maven-parent/16/maven-parent-16.pom
2024-09-10 21:42:36,391 [ModalContext] INFO  o.e.m.c.i.e.AbstractTransferListenerAdapter - Downloading https://repo.maven.apache.org/maven2/org/apache/apache/7/apache-7.pom
2024-09-10 21:42:36,489 [ModalContext] INFO  o.e.m.c.i.e.AbstractTransferListenerAdapter - Downloaded https://repo.maven.apache.org/maven2/org/apache/apache/7/apache-7.pom
2024-09-10 21:42:36,545 [ModalContext] INFO  o.e.m.c.i.e.AbstractTransferListenerAdapter - Downloading https://repo.maven.apache.org/maven2/org/apache/maven/archetypes/maven-archetype-quickstart/1.1/maven-archetype-quickstart-1.1.jar
2024-09-10 21:42:36,594 [ModalContext] INFO  o.e.m.c.i.e.AbstractTransferListenerAdapter - Downloaded https://repo.maven.apache.org/maven2/org/apache/maven/archetypes/maven-archetype-quickstart/1.1/maven-archetype-quickstart-1.1.jar
2024-09-10 21:42:50,916 [Worker-2: Launching mavenrun-066c7354-8c79-45d0-8d51-8a4f659f8fdf] INFO  o.eclipse.m2e.core.internal.Bundles - getClasspathEntries(Bundle=org.eclipse.m2e.maven.runtime_3.9.600.20231203-1234 [294])
2024-09-10 21:42:50,918 [Worker-2: Launching mavenrun-066c7354-8c79-45d0-8d51-8a4f659f8fdf] INFO  o.eclipse.m2e.core.internal.Bundles - 	Entry: /Applications/Eclipse.app/Contents/Eclipse/plugins/org.eclipse.m2e.maven.runtime_3.9.600.20231203-1234
2024-09-10 21:42:50,919 [Worker-2: Launching mavenrun-066c7354-8c79-45d0-8d51-8a4f659f8fdf] INFO  o.eclipse.m2e.core.internal.Bundles - 	Entry: /Applications/Eclipse.app/Contents/Eclipse/plugins/org.eclipse.m2e.maven.runtime_3.9.600.20231203-1234/jars/aopalliance-1.0.jar
2024-09-10 21:42:50,919 [Worker-2: Launching mavenrun-066c7354-8c79-45d0-8d51-8a4f659f8fdf] INFO  o.eclipse.m2e.core.internal.Bundles - 	Entry: /Applications/Eclipse.app/Contents/Eclipse/plugins/org.eclipse.m2e.maven.runtime_3.9.600.20231203-1234/jars/guice-5.1.0.jar
2024-09-10 21:42:50,919 [Worker-2: Launching mavenrun-066c7354-8c79-45d0-8d51-8a4f659f8fdf] INFO  o.eclipse.m2e.core.internal.Bundles - 	Entry: /Applications/Eclipse.app/Contents/Eclipse/plugins/org.eclipse.m2e.maven.runtime_3.9.600.20231203-1234/jars/httpclient-4.5.14.jar
2024-09-10 21:42:50,919 [Worker-2: Launching mavenrun-066c7354-8c79-45d0-8d51-8a4f659f8fdf] INFO  o.eclipse.m2e.core.internal.Bundles - 	Entry: /Applications/Eclipse.app/Contents/Eclipse/plugins/org.eclipse.m2e.maven.runtime_3.9.600.20231203-1234/jars/httpcore-4.4.16.jar
2024-09-10 21:42:50,919 [Worker-2: Launching mavenrun-066c7354-8c79-45d0-8d51-8a4f659f8fdf] INFO  o.eclipse.m2e.core.internal.Bundles - 	Entry: /Applications/Eclipse.app/Contents/Eclipse/plugins/org.eclipse.m2e.maven.runtime_3.9.600.20231203-1234/jars/jansi-2.4.0.jar
2024-09-10 21:42:50,920 [Worker-2: Launching mavenrun-066c7354-8c79-45d0-8d51-8a4f659f8fdf] INFO  o.eclipse.m2e.core.internal.Bundles - 	Entry: /Applications/Eclipse.app/Contents/Eclipse/plugins/org.eclipse.m2e.maven.runtime_3.9.600.20231203-1234/jars/jcl-over-slf4j-1.7.36.jar
2024-09-10 21:42:50,920 [Worker-2: Launching mavenrun-066c7354-8c79-45d0-8d51-8a4f659f8fdf] INFO  o.eclipse.m2e.core.internal.Bundles - 	Entry: /Applications/Eclipse.app/Contents/Eclipse/plugins/org.eclipse.m2e.maven.runtime_3.9.600.20231203-1234/jars/maven-artifact-3.9.6.jar
2024-09-10 21:42:50,920 [Worker-2: Launching mavenrun-066c7354-8c79-45d0-8d51-8a4f659f8fdf] INFO  o.eclipse.m2e.core.internal.Bundles - 	Entry: /Applications/Eclipse.app/Contents/Eclipse/plugins/org.eclipse.m2e.maven.runtime_3.9.600.20231203-1234/jars/maven-builder-support-3.9.6.jar
2024-09-10 21:42:50,920 [Worker-2: Launching mavenrun-066c7354-8c79-45d0-8d51-8a4f659f8fdf] INFO  o.eclipse.m2e.core.internal.Bundles - 	Entry: /Applications/Eclipse.app/Contents/Eclipse/plugins/org.eclipse.m2e.maven.runtime_3.9.600.20231203-1234/jars/maven-compat-3.9.6.jar
2024-09-10 21:42:50,920 [Worker-2: Launching mavenrun-066c7354-8c79-45d0-8d51-8a4f659f8fdf] INFO  o.eclipse.m2e.core.internal.Bundles - 	Entry: /Applications/Eclipse.app/Contents/Eclipse/plugins/org.eclipse.m2e.maven.runtime_3.9.600.20231203-1234/jars/maven-core-3.9.6.jar
2024-09-10 21:42:50,921 [Worker-2: Launching mavenrun-066c7354-8c79-45d0-8d51-8a4f659f8fdf] INFO  o.eclipse.m2e.core.internal.Bundles - 	Entry: /Applications/Eclipse.app/Contents/Eclipse/plugins/org.eclipse.m2e.maven.runtime_3.9.600.20231203-1234/jars/maven-embedder-3.9.6.jar
2024-09-10 21:42:50,921 [Worker-2: Launching mavenrun-066c7354-8c79-45d0-8d51-8a4f659f8fdf] INFO  o.eclipse.m2e.core.internal.Bundles - 	Entry: /Applications/Eclipse.app/Contents/Eclipse/plugins/org.eclipse.m2e.maven.runtime_3.9.600.20231203-1234/jars/maven-model-3.9.6.jar
2024-09-10 21:42:50,921 [Worker-2: Launching mavenrun-066c7354-8c79-45d0-8d51-8a4f659f8fdf] INFO  o.eclipse.m2e.core.internal.Bundles - 	Entry: /Applications/Eclipse.app/Contents/Eclipse/plugins/org.eclipse.m2e.maven.runtime_3.9.600.20231203-1234/jars/maven-model-builder-3.9.6.jar
2024-09-10 21:42:50,921 [Worker-2: Launching mavenrun-066c7354-8c79-45d0-8d51-8a4f659f8fdf] INFO  o.eclipse.m2e.core.internal.Bundles - 	Entry: /Applications/Eclipse.app/Contents/Eclipse/plugins/org.eclipse.m2e.maven.runtime_3.9.600.20231203-1234/jars/maven-plugin-api-3.9.6.jar
2024-09-10 21:42:50,921 [Worker-2: Launching mavenrun-066c7354-8c79-45d0-8d51-8a4f659f8fdf] INFO  o.eclipse.m2e.core.internal.Bundles - 	Entry: /Applications/Eclipse.app/Contents/Eclipse/plugins/org.eclipse.m2e.maven.runtime_3.9.600.20231203-1234/jars/maven-repository-metadata-3.9.6.jar
2024-09-10 21:42:50,921 [Worker-2: Launching mavenrun-066c7354-8c79-45d0-8d51-8a4f659f8fdf] INFO  o.eclipse.m2e.core.internal.Bundles - 	Entry: /Applications/Eclipse.app/Contents/Eclipse/plugins/org.eclipse.m2e.maven.runtime_3.9.600.20231203-1234/jars/maven-resolver-api-1.9.18.jar
2024-09-10 21:42:50,922 [Worker-2: Launching mavenrun-066c7354-8c79-45d0-8d51-8a4f659f8fdf] INFO  o.eclipse.m2e.core.internal.Bundles - 	Entry: /Applications/Eclipse.app/Contents/Eclipse/plugins/org.eclipse.m2e.maven.runtime_3.9.600.20231203-1234/jars/maven-resolver-connector-basic-1.9.18.jar
2024-09-10 21:42:50,922 [Worker-2: Launching mavenrun-066c7354-8c79-45d0-8d51-8a4f659f8fdf] INFO  o.eclipse.m2e.core.internal.Bundles - 	Entry: /Applications/Eclipse.app/Contents/Eclipse/plugins/org.eclipse.m2e.maven.runtime_3.9.600.20231203-1234/jars/maven-resolver-impl-1.9.18.jar
2024-09-10 21:42:50,922 [Worker-2: Launching mavenrun-066c7354-8c79-45d0-8d51-8a4f659f8fdf] INFO  o.eclipse.m2e.core.internal.Bundles - 	Entry: /Applications/Eclipse.app/Contents/Eclipse/plugins/org.eclipse.m2e.maven.runtime_3.9.600.20231203-1234/jars/maven-resolver-named-locks-1.9.18.jar
2024-09-10 21:42:50,922 [Worker-2: Launching mavenrun-066c7354-8c79-45d0-8d51-8a4f659f8fdf] INFO  o.eclipse.m2e.core.internal.Bundles - 	Entry: /Applications/Eclipse.app/Contents/Eclipse/plugins/org.eclipse.m2e.maven.runtime_3.9.600.20231203-1234/jars/maven-resolver-provider-3.9.6.jar
2024-09-10 21:42:50,923 [Worker-2: Launching mavenrun-066c7354-8c79-45d0-8d51-8a4f659f8fdf] INFO  o.eclipse.m2e.core.internal.Bundles - 	Entry: /Applications/Eclipse.app/Contents/Eclipse/plugins/org.eclipse.m2e.maven.runtime_3.9.600.20231203-1234/jars/maven-resolver-spi-1.9.18.jar
2024-09-10 21:42:50,923 [Worker-2: Launching mavenrun-066c7354-8c79-45d0-8d51-8a4f659f8fdf] INFO  o.eclipse.m2e.core.internal.Bundles - 	Entry: /Applications/Eclipse.app/Contents/Eclipse/plugins/org.eclipse.m2e.maven.runtime_3.9.600.20231203-1234/jars/maven-resolver-transport-file-1.9.18.jar
2024-09-10 21:42:50,923 [Worker-2: Launching mavenrun-066c7354-8c79-45d0-8d51-8a4f659f8fdf] INFO  o.eclipse.m2e.core.internal.Bundles - 	Entry: /Applications/Eclipse.app/Contents/Eclipse/plugins/org.eclipse.m2e.maven.runtime_3.9.600.20231203-1234/jars/maven-resolver-transport-http-1.9.18.jar
2024-09-10 21:42:50,923 [Worker-2: Launching mavenrun-066c7354-8c79-45d0-8d51-8a4f659f8fdf] INFO  o.eclipse.m2e.core.internal.Bundles - 	Entry: /Applications/Eclipse.app/Contents/Eclipse/plugins/org.eclipse.m2e.maven.runtime_3.9.600.20231203-1234/jars/maven-resolver-transport-wagon-1.9.18.jar
2024-09-10 21:42:50,923 [Worker-2: Launching mavenrun-066c7354-8c79-45d0-8d51-8a4f659f8fdf] INFO  o.eclipse.m2e.core.internal.Bundles - 	Entry: /Applications/Eclipse.app/Contents/Eclipse/plugins/org.eclipse.m2e.maven.runtime_3.9.600.20231203-1234/jars/maven-resolver-util-1.9.18.jar
2024-09-10 21:42:50,923 [Worker-2: Launching mavenrun-066c7354-8c79-45d0-8d51-8a4f659f8fdf] INFO  o.eclipse.m2e.core.internal.Bundles - 	Entry: /Applications/Eclipse.app/Contents/Eclipse/plugins/org.eclipse.m2e.maven.runtime_3.9.600.20231203-1234/jars/maven-settings-3.9.6.jar
2024-09-10 21:42:50,923 [Worker-2: Launching mavenrun-066c7354-8c79-45d0-8d51-8a4f659f8fdf] INFO  o.eclipse.m2e.core.internal.Bundles - 	Entry: /Applications/Eclipse.app/Contents/Eclipse/plugins/org.eclipse.m2e.maven.runtime_3.9.600.20231203-1234/jars/maven-settings-builder-3.9.6.jar
2024-09-10 21:42:50,923 [Worker-2: Launching mavenrun-066c7354-8c79-45d0-8d51-8a4f659f8fdf] INFO  o.eclipse.m2e.core.internal.Bundles - 	Entry: /Applications/Eclipse.app/Contents/Eclipse/plugins/org.eclipse.m2e.maven.runtime_3.9.600.20231203-1234/jars/maven-shared-utils-3.3.4.jar
2024-09-10 21:42:50,924 [Worker-2: Launching mavenrun-066c7354-8c79-45d0-8d51-8a4f659f8fdf] INFO  o.eclipse.m2e.core.internal.Bundles - 	Entry: /Applications/Eclipse.app/Contents/Eclipse/plugins/org.eclipse.m2e.maven.runtime_3.9.600.20231203-1234/jars/org.eclipse.sisu.inject-0.9.0.M2.jar
2024-09-10 21:42:50,924 [Worker-2: Launching mavenrun-066c7354-8c79-45d0-8d51-8a4f659f8fdf] INFO  o.eclipse.m2e.core.internal.Bundles - 	Entry: /Applications/Eclipse.app/Contents/Eclipse/plugins/org.eclipse.m2e.maven.runtime_3.9.600.20231203-1234/jars/org.eclipse.sisu.plexus-0.9.0.M2.jar
2024-09-10 21:42:50,924 [Worker-2: Launching mavenrun-066c7354-8c79-45d0-8d51-8a4f659f8fdf] INFO  o.eclipse.m2e.core.internal.Bundles - 	Entry: /Applications/Eclipse.app/Contents/Eclipse/plugins/org.eclipse.m2e.maven.runtime_3.9.600.20231203-1234/jars/plexus-build-api-0.0.7.jar
2024-09-10 21:42:50,924 [Worker-2: Launching mavenrun-066c7354-8c79-45d0-8d51-8a4f659f8fdf] INFO  o.eclipse.m2e.core.internal.Bundles - 	Entry: /Applications/Eclipse.app/Contents/Eclipse/plugins/org.eclipse.m2e.maven.runtime_3.9.600.20231203-1234/jars/plexus-cipher-2.0.jar
2024-09-10 21:42:50,925 [Worker-2: Launching mavenrun-066c7354-8c79-45d0-8d51-8a4f659f8fdf] INFO  o.eclipse.m2e.core.internal.Bundles - 	Entry: /Applications/Eclipse.app/Contents/Eclipse/plugins/org.eclipse.m2e.maven.runtime_3.9.600.20231203-1234/jars/plexus-classworlds-2.7.0.jar
2024-09-10 21:42:50,925 [Worker-2: Launching mavenrun-066c7354-8c79-45d0-8d51-8a4f659f8fdf] INFO  o.eclipse.m2e.core.internal.Bundles - 	Entry: /Applications/Eclipse.app/Contents/Eclipse/plugins/org.eclipse.m2e.maven.runtime_3.9.600.20231203-1234/jars/plexus-component-annotations-2.1.0.jar
2024-09-10 21:42:50,925 [Worker-2: Launching mavenrun-066c7354-8c79-45d0-8d51-8a4f659f8fdf] INFO  o.eclipse.m2e.core.internal.Bundles - 	Entry: /Applications/Eclipse.app/Contents/Eclipse/plugins/org.eclipse.m2e.maven.runtime_3.9.600.20231203-1234/jars/plexus-interpolation-1.26.jar
2024-09-10 21:42:50,925 [Worker-2: Launching mavenrun-066c7354-8c79-45d0-8d51-8a4f659f8fdf] INFO  o.eclipse.m2e.core.internal.Bundles - 	Entry: /Applications/Eclipse.app/Contents/Eclipse/plugins/org.eclipse.m2e.maven.runtime_3.9.600.20231203-1234/jars/plexus-sec-dispatcher-2.0.jar
2024-09-10 21:42:50,926 [Worker-2: Launching mavenrun-066c7354-8c79-45d0-8d51-8a4f659f8fdf] INFO  o.eclipse.m2e.core.internal.Bundles - 	Entry: /Applications/Eclipse.app/Contents/Eclipse/plugins/org.eclipse.m2e.maven.runtime_3.9.600.20231203-1234/jars/plexus-utils-3.5.1.jar
2024-09-10 21:42:50,926 [Worker-2: Launching mavenrun-066c7354-8c79-45d0-8d51-8a4f659f8fdf] INFO  o.eclipse.m2e.core.internal.Bundles - 	Entry: /Applications/Eclipse.app/Contents/Eclipse/plugins/org.eclipse.m2e.maven.runtime_3.9.600.20231203-1234/jars/wagon-file-3.5.3.jar
2024-09-10 21:42:50,926 [Worker-2: Launching mavenrun-066c7354-8c79-45d0-8d51-8a4f659f8fdf] INFO  o.eclipse.m2e.core.internal.Bundles - 	Entry: /Applications/Eclipse.app/Contents/Eclipse/plugins/org.eclipse.m2e.maven.runtime_3.9.600.20231203-1234/jars/wagon-http-3.5.3.jar
2024-09-10 21:42:50,927 [Worker-2: Launching mavenrun-066c7354-8c79-45d0-8d51-8a4f659f8fdf] INFO  o.eclipse.m2e.core.internal.Bundles - 	Entry: /Applications/Eclipse.app/Contents/Eclipse/plugins/org.eclipse.m2e.maven.runtime_3.9.600.20231203-1234/jars/wagon-http-shared-3.5.3.jar
2024-09-10 21:42:50,927 [Worker-2: Launching mavenrun-066c7354-8c79-45d0-8d51-8a4f659f8fdf] INFO  o.eclipse.m2e.core.internal.Bundles - 	Entry: /Applications/Eclipse.app/Contents/Eclipse/plugins/org.eclipse.m2e.maven.runtime_3.9.600.20231203-1234/jars/wagon-provider-api-3.5.3.jar
2024-09-10 21:42:50,929 [Worker-2: Launching mavenrun-066c7354-8c79-45d0-8d51-8a4f659f8fdf] INFO  o.eclipse.m2e.core.internal.Bundles - getClasspathEntries(Bundle=com.google.guava_33.0.0.jre [10])
2024-09-10 21:42:50,930 [Worker-2: Launching mavenrun-066c7354-8c79-45d0-8d51-8a4f659f8fdf] INFO  o.eclipse.m2e.core.internal.Bundles - 	Entry: /Applications/Eclipse.app/Contents/Eclipse/plugins/com.google.guava_33.0.0.jre.jar
2024-09-10 21:42:50,930 [Worker-2: Launching mavenrun-066c7354-8c79-45d0-8d51-8a4f659f8fdf] INFO  o.eclipse.m2e.core.internal.Bundles - getClasspathEntries(Bundle=slf4j.api_2.0.12 [515])
2024-09-10 21:42:50,930 [Worker-2: Launching mavenrun-066c7354-8c79-45d0-8d51-8a4f659f8fdf] INFO  o.eclipse.m2e.core.internal.Bundles - 	Entry: /Applications/Eclipse.app/Contents/Eclipse/plugins/slf4j.api_2.0.12.jar
2024-09-10 21:42:50,930 [Worker-2: Launching mavenrun-066c7354-8c79-45d0-8d51-8a4f659f8fdf] INFO  o.eclipse.m2e.core.internal.Bundles - getClasspathEntries(Bundle=jakarta.inject.jakarta.inject-api_1.0.5 [22])
2024-09-10 21:42:50,930 [Worker-2: Launching mavenrun-066c7354-8c79-45d0-8d51-8a4f659f8fdf] INFO  o.eclipse.m2e.core.internal.Bundles - 	Entry: /Applications/Eclipse.app/Contents/Eclipse/plugins/jakarta.inject.jakarta.inject-api_1.0.5.jar
2024-09-10 21:42:50,930 [Worker-2: Launching mavenrun-066c7354-8c79-45d0-8d51-8a4f659f8fdf] INFO  o.eclipse.m2e.core.internal.Bundles - getClasspathEntries(Bundle=jakarta.annotation-api_1.3.5 [20])
2024-09-10 21:42:50,931 [Worker-2: Launching mavenrun-066c7354-8c79-45d0-8d51-8a4f659f8fdf] INFO  o.eclipse.m2e.core.internal.Bundles - 	Entry: /Applications/Eclipse.app/Contents/Eclipse/plugins/jakarta.annotation-api_1.3.5.jar
2024-09-10 21:42:50,931 [Worker-2: Launching mavenrun-066c7354-8c79-45d0-8d51-8a4f659f8fdf] INFO  o.eclipse.m2e.core.internal.Bundles - getClasspathEntries(Bundle=org.apache.commons.cli_1.6.0 [46])
2024-09-10 21:42:50,931 [Worker-2: Launching mavenrun-066c7354-8c79-45d0-8d51-8a4f659f8fdf] INFO  o.eclipse.m2e.core.internal.Bundles - 	Entry: /Applications/Eclipse.app/Contents/Eclipse/plugins/org.apache.commons.cli_1.6.0.jar
2024-09-10 21:42:50,931 [Worker-2: Launching mavenrun-066c7354-8c79-45d0-8d51-8a4f659f8fdf] INFO  o.eclipse.m2e.core.internal.Bundles - getClasspathEntries(Bundle=org.apache.commons.commons-codec_1.16.0 [47])
2024-09-10 21:42:50,931 [Worker-2: Launching mavenrun-066c7354-8c79-45d0-8d51-8a4f659f8fdf] INFO  o.eclipse.m2e.core.internal.Bundles - 	Entry: /Applications/Eclipse.app/Contents/Eclipse/plugins/org.apache.commons.commons-codec_1.16.0.jar
2024-09-10 21:42:50,931 [Worker-2: Launching mavenrun-066c7354-8c79-45d0-8d51-8a4f659f8fdf] INFO  o.eclipse.m2e.core.internal.Bundles - getClasspathEntries(Bundle=org.apache.commons.lang3_3.14.0 [53])
2024-09-10 21:42:50,931 [Worker-2: Launching mavenrun-066c7354-8c79-45d0-8d51-8a4f659f8fdf] INFO  o.eclipse.m2e.core.internal.Bundles - 	Entry: /Applications/Eclipse.app/Contents/Eclipse/plugins/org.apache.commons.lang3_3.14.0.jar
2024-09-10 21:42:50,932 [Worker-2: Launching mavenrun-066c7354-8c79-45d0-8d51-8a4f659f8fdf] INFO  o.eclipse.m2e.core.internal.Bundles - getClasspathEntries(Bundle=com.google.guava.failureaccess_1.0.2 [11])
2024-09-10 21:42:50,932 [Worker-2: Launching mavenrun-066c7354-8c79-45d0-8d51-8a4f659f8fdf] INFO  o.eclipse.m2e.core.internal.Bundles - 	Entry: /Applications/Eclipse.app/Contents/Eclipse/plugins/com.google.guava.failureaccess_1.0.2.jar
2024-09-10 21:42:50,943 [Worker-2: Launching mavenrun-066c7354-8c79-45d0-8d51-8a4f659f8fdf] INFO  o.e.m.i.launch.MavenLaunchDelegate - Run build in "/var/folders/x6/m1lz8knn53gd41j6qxslkkww0000gp/T/m2e-archetypeGenerator11873722947275382735":
2024-09-10 21:42:50,949 [Worker-2: Launching mavenrun-066c7354-8c79-45d0-8d51-8a4f659f8fdf] INFO  o.e.m.i.launch.MavenLaunchDelegate -  mvn  -DarchetypeGroupId=org.apache.maven.archetypes -DarchetypeArtifactId=maven-archetype-quickstart -DarchetypeVersion=1.1 -DgroupId=ECommerce -DartifactId=ECOMMERCE -Dversion=0.0.1-SNAPSHOT -Dpackage=ECommerce.ECOMMERCE -DoutputDirectory=/Users/ramyasri/selenium/Project1/ECommerce -Dstyle.color=always -U archetype:generate
2024-09-11 11:53:03,577 [Worker-5: Loading available Gradle versions] INFO  o.e.b.c.i.u.g.PublishedGradleVersions - Gradle version information cache is up-to-date. Trying to read.
